<?xml version="1.0" encoding="UTF-8"?>
<!-- Generated by org.testng.reporters.JUnitReportReporter -->
<testsuite hostname="AS101353" failures="0" tests="1" name="tests.SampleTest" time="41.481" errors="0" timestamp="2023-01-04T03:35:52 CST" skipped="0">
  <testcase classname="tests.SampleTest" name="fourthTest" time="41.481"/>
  <system-out/>
</testsuite> <!-- tests.SampleTest -->
