<?xml version="1.0" encoding="UTF-8"?>
<!-- Generated by org.testng.reporters.JUnitReportReporter -->
<testsuite hostname="AS101353" failures="0" tests="1" name="tests.MainTest" time="34.157" errors="0" timestamp="2023-01-07T04:45:42 CST" skipped="0">
  <testcase classname="tests.MainTest" name="logoutTest" time="34.157"/>
  <system-out/>
</testsuite> <!-- tests.MainTest -->
